CRITICAL - 2023-05-03 12:24:47 --> preg_match(): Compilation failed: range out of order in character class at offset 15
in SYSTEMPATH\Router\Router.php on line 419.
 1 [internal function]: CodeIgniter\Debug\Exceptions->errorHandler(2, 'preg_match(): Compilation failed: range out of order in character class at offset 15', 'C:\\xampp\\htdocs\\WEEK3Output4H_Esteves\\system\\Router\\Router.php', 419)
 2 SYSTEMPATH\Router\Router.php(419): preg_match('#^sexandage/([a-Z]+)/(.*)$#u', 'sexandage/M/6', [])
 3 SYSTEMPATH\Router\Router.php(182): CodeIgniter\Router\Router->checkRoutes('sexandage/M/6')
 4 SYSTEMPATH\CodeIgniter.php(815): CodeIgniter\Router\Router->handle('sexandage/M/6')
 5 SYSTEMPATH\CodeIgniter.php(449): CodeIgniter\CodeIgniter->tryToRouteIt(Object(CodeIgniter\Router\RouteCollection))
 6 SYSTEMPATH\CodeIgniter.php(368): CodeIgniter\CodeIgniter->handleRequest(null, Object(Config\Cache), false)
 7 FCPATH\index.php(67): CodeIgniter\CodeIgniter->run()
 8 SYSTEMPATH\Commands\Server\rewrite.php(47): require_once('C:\\xampp\\htdocs\\WEEK3Output4H_Esteves\\public\\index.php')
CRITICAL - 2023-05-03 12:24:54 --> preg_match(): Compilation failed: range out of order in character class at offset 15
in SYSTEMPATH\Router\Router.php on line 419.
 1 [internal function]: CodeIgniter\Debug\Exceptions->errorHandler(2, 'preg_match(): Compilation failed: range out of order in character class at offset 15', 'C:\\xampp\\htdocs\\WEEK3Output4H_Esteves\\system\\Router\\Router.php', 419)
 2 SYSTEMPATH\Router\Router.php(419): preg_match('#^sexandage/([a-Z]+)/(.*)$#u', 'sexandage/a/6', [])
 3 SYSTEMPATH\Router\Router.php(182): CodeIgniter\Router\Router->checkRoutes('sexandage/a/6')
 4 SYSTEMPATH\CodeIgniter.php(815): CodeIgniter\Router\Router->handle('sexandage/a/6')
 5 SYSTEMPATH\CodeIgniter.php(449): CodeIgniter\CodeIgniter->tryToRouteIt(Object(CodeIgniter\Router\RouteCollection))
 6 SYSTEMPATH\CodeIgniter.php(368): CodeIgniter\CodeIgniter->handleRequest(null, Object(Config\Cache), false)
 7 FCPATH\index.php(67): CodeIgniter\CodeIgniter->run()
 8 SYSTEMPATH\Commands\Server\rewrite.php(47): require_once('C:\\xampp\\htdocs\\WEEK3Output4H_Esteves\\public\\index.php')
CRITICAL - 2023-05-03 12:25:03 --> preg_match(): Compilation failed: range out of order in character class at offset 15
in SYSTEMPATH\Router\Router.php on line 419.
 1 [internal function]: CodeIgniter\Debug\Exceptions->errorHandler(2, 'preg_match(): Compilation failed: range out of order in character class at offset 15', 'C:\\xampp\\htdocs\\WEEK3Output4H_Esteves\\system\\Router\\Router.php', 419)
 2 SYSTEMPATH\Router\Router.php(419): preg_match('#^sexandage/([a-Z]+)/(.*)$#u', 'sexandage/m/6', [])
 3 SYSTEMPATH\Router\Router.php(182): CodeIgniter\Router\Router->checkRoutes('sexandage/m/6')
 4 SYSTEMPATH\CodeIgniter.php(815): CodeIgniter\Router\Router->handle('sexandage/m/6')
 5 SYSTEMPATH\CodeIgniter.php(449): CodeIgniter\CodeIgniter->tryToRouteIt(Object(CodeIgniter\Router\RouteCollection))
 6 SYSTEMPATH\CodeIgniter.php(368): CodeIgniter\CodeIgniter->handleRequest(null, Object(Config\Cache), false)
 7 FCPATH\index.php(67): CodeIgniter\CodeIgniter->run()
 8 SYSTEMPATH\Commands\Server\rewrite.php(47): require_once('C:\\xampp\\htdocs\\WEEK3Output4H_Esteves\\public\\index.php')
